#
# There is insufficient memory for the Java Runtime Environment to continue.
# Native memory allocation (malloc) failed to allocate 1048976 bytes for Chunk::new
# Possible reasons:
#   The system is out of physical RAM or swap space
#   The process is running with CompressedOops enabled, and the Java Heap may be blocking the growth of the native heap
# Possible solutions:
#   Reduce memory load on the system
#   Increase physical memory or swap space
#   Check if swap backing store is full
#   Decrease Java heap size (-Xmx/-Xms)
#   Decrease number of Java threads
#   Decrease Java thread stack sizes (-Xss)
#   Set larger code cache with -XX:ReservedCodeCacheSize=
#   JVM is running with Unscaled Compressed Oops mode in which the Java heap is
#     placed in the first 4GB address space. The Java Heap base address is the
#     maximum limit for the native heap growth. Please use -XX:HeapBaseMinAddress
#     to set the Java Heap base and to place the Java Heap above 4GB virtual address.
# This output file may be truncated or incomplete.
#
#  Out of Memory Error (./src/hotspot/share/memory/arena.cpp:197), pid=428748, tid=435484
#
# JRE version: OpenJDK Runtime Environment (11.0.12+7) (build 11.0.12+7-b1504.28-7817840)
# Java VM: OpenJDK 64-Bit Server VM (11.0.12+7-b1504.28-7817840, mixed mode, tiered, compressed oops, g1 gc, windows-amd64)
# No core dump will be written. Minidumps are not enabled by default on client versions of Windows
#

---------------  S U M M A R Y ------------

Command Line: org.jetbrains.kotlin.cli.jvm.K2JVMCompiler @D:\AndroidStudioProjects\AndroidTraining\DiceRoller\app\build\20220624_2881971444933403903.compiler.options

Host: Intel(R) Core(TM) i5-7200U CPU @ 2.50GHz, 4 cores, 7G,  Windows 10 , 64 bit Build 19041 (10.0.19041.1741)
Time: Fri Jun 24 17:55:28 2022 Central Daylight Time elapsed time: 4.377127 seconds (0d 0h 0m 4s)

---------------  T H R E A D  ---------------

Current thread (0x000001437cd23000):  JavaThread "C2 CompilerThread1" daemon [_thread_in_native, id=435484, stack(0x0000003ff4a00000,0x0000003ff4b00000)]


Current CompileTask:
C2:   4377 2933       4       java.lang.ClassLoader::loadClass (7 bytes)

Stack: [0x0000003ff4a00000,0x0000003ff4b00000]
Native frames: (J=compiled Java code, j=interpreted, Vv=VM code, C=native code)
V  [jvm.dll+0x5fbcea]
V  [jvm.dll+0x731905]
V  [jvm.dll+0x732f1d]
V  [jvm.dll+0x7335d3]
V  [jvm.dll+0x247bf8]
V  [jvm.dll+0xc018c]
V  [jvm.dll+0xc06cc]
V  [jvm.dll+0x2bcc04]
V  [jvm.dll+0x5113a8]
V  [jvm.dll+0x208303]
V  [jvm.dll+0x201fe0]
V  [jvm.dll+0x1ff71f]
V  [jvm.dll+0x18868c]
V  [jvm.dll+0x20e0d7]
V  [jvm.dll+0x20c901]
V  [jvm.dll+0x6f9b7f]
V  [jvm.dll+0x6f26a5]
V  [jvm.dll+0x5fabf6]
C  [ucrtbase.dll+0x21bb2]
C  [KERNEL32.DLL+0x17034]
C  [ntdll.dll+0x52651]


---------------  P R O C E S S  ---------------

Threads class SMR info:
_java_thread_list=0x000001437b185a80, length=11, elements={
0x000001435ed90800, 0x00000143788e6000, 0x00000143788e8000, 0x0000014379269800,
0x000001437926b800, 0x000001437926f800, 0x0000014378903000, 0x0000014378908000,
0x0000014378914800, 0x00000143793cc800, 0x000001437cd23000
}

Java Threads: ( => current thread )
  0x000001435ed90800 JavaThread "main" [_thread_in_vm, id=434276, stack(0x0000003ff3900000,0x0000003ff3a00000)]
  0x00000143788e6000 JavaThread "Reference Handler" daemon [_thread_blocked, id=423608, stack(0x0000003ff4000000,0x0000003ff4100000)]
  0x00000143788e8000 JavaThread "Finalizer" daemon [_thread_blocked, id=433216, stack(0x0000003ff4100000,0x0000003ff4200000)]
  0x0000014379269800 JavaThread "Signal Dispatcher" daemon [_thread_blocked, id=434840, stack(0x0000003ff4200000,0x0000003ff4300000)]
  0x000001437926b800 JavaThread "Attach Listener" daemon [_thread_blocked, id=434324, stack(0x0000003ff4300000,0x0000003ff4400000)]
  0x000001437926f800 JavaThread "Service Thread" daemon [_thread_blocked, id=434092, stack(0x0000003ff4400000,0x0000003ff4500000)]
  0x0000014378903000 JavaThread "C2 CompilerThread0" daemon [_thread_blocked, id=434860, stack(0x0000003ff4500000,0x0000003ff4600000)]
  0x0000014378908000 JavaThread "C1 CompilerThread0" daemon [_thread_blocked, id=434784, stack(0x0000003ff4600000,0x0000003ff4700000)]
  0x0000014378914800 JavaThread "Sweeper thread" daemon [_thread_blocked, id=434344, stack(0x0000003ff4700000,0x0000003ff4800000)]
  0x00000143793cc800 JavaThread "Common-Cleaner" daemon [_thread_blocked, id=432764, stack(0x0000003ff4900000,0x0000003ff4a00000)]
=>0x000001437cd23000 JavaThread "C2 CompilerThread1" daemon [_thread_in_native, id=435484, stack(0x0000003ff4a00000,0x0000003ff4b00000)]

Other Threads:
  0x00000143788c3800 VMThread "VM Thread" [stack: 0x0000003ff3f00000,0x0000003ff4000000] [id=433232]
  0x00000143793c4000 WatcherThread [stack: 0x0000003ff4800000,0x0000003ff4900000] [id=429216]
  0x000001435eda8000 GCTaskThread "GC Thread#0" [stack: 0x0000003ff3a00000,0x0000003ff3b00000] [id=424060]
  0x0000014379718800 GCTaskThread "GC Thread#1" [stack: 0x0000003ff4b00000,0x0000003ff4c00000] [id=433248]
  0x000001437987b000 GCTaskThread "GC Thread#2" [stack: 0x0000003ff4c00000,0x0000003ff4d00000] [id=433960]
  0x000001435edd7800 ConcurrentGCThread "G1 Main Marker" [stack: 0x0000003ff3b00000,0x0000003ff3c00000] [id=433756]
  0x000001435edda000 ConcurrentGCThread "G1 Conc#0" [stack: 0x0000003ff3c00000,0x0000003ff3d00000] [id=434272]
  0x0000014378730800 ConcurrentGCThread "G1 Refine#0" [stack: 0x0000003ff3d00000,0x0000003ff3e00000] [id=435080]
  0x0000014378731800 ConcurrentGCThread "G1 Young RemSet Sampling" [stack: 0x0000003ff3e00000,0x0000003ff3f00000] [id=402964]

Threads with active compile tasks:
C2 CompilerThread1   4403 2933       4       java.lang.ClassLoader::loadClass (7 bytes)

VM state:not at safepoint (normal execution)

VM Mutex/Monitor currently owned by a thread: None

Heap address: 0x0000000081400000, size: 2028 MB, Compressed Oops mode: 32-bit
Narrow klass base: 0x0000000000000000, Narrow klass shift: 3
Compressed class space size: 1073741824 Address: 0x0000000100000000

Heap:
 garbage-first heap   total 131072K, used 58625K [0x0000000081400000, 0x0000000100000000)
  region size 1024K, 38 young (38912K), 2 survivors (2048K)
 Metaspace       used 42637K, capacity 43137K, committed 43420K, reserved 1087488K
  class space    used 5106K, capacity 5283K, committed 5372K, reserved 1048576K
Heap Regions: E=young(eden), S=young(survivor), O=old, HS=humongous(starts), HC=humongous(continues), CS=collection set, F=free, A=archive, TAMS=top-at-mark-start (previous, next)
|   0|0x0000000081400000, 0x0000000081500000, 0x0000000081500000|100%|HS|  |TAMS 0x0000000081500000, 0x0000000081400000| Complete 
|   1|0x0000000081500000, 0x0000000081600000, 0x0000000081600000|100%|HC|  |TAMS 0x0000000081600000, 0x0000000081500000| Complete 
|   2|0x0000000081600000, 0x0000000081700000, 0x0000000081700000|100%|HC|  |TAMS 0x0000000081700000, 0x0000000081600000| Complete 
|   3|0x0000000081700000, 0x0000000081800000, 0x0000000081800000|100%| O|  |TAMS 0x0000000081800000, 0x0000000081700000| Untracked 
|   4|0x0000000081800000, 0x0000000081900000, 0x0000000081900000|100%| O|  |TAMS 0x0000000081900000, 0x0000000081800000| Untracked 
|   5|0x0000000081900000, 0x0000000081a00000, 0x0000000081a00000|100%|HS|  |TAMS 0x0000000081a00000, 0x0000000081900000| Complete 
|   6|0x0000000081a00000, 0x0000000081b00000, 0x0000000081b00000|100%|HC|  |TAMS 0x0000000081b00000, 0x0000000081a00000| Complete 
|   7|0x0000000081b00000, 0x0000000081c00000, 0x0000000081c00000|100%|HC|  |TAMS 0x0000000081c00000, 0x0000000081b00000| Complete 
|   8|0x0000000081c00000, 0x0000000081d00000, 0x0000000081d00000|100%|HS|  |TAMS 0x0000000081d00000, 0x0000000081c00000| Complete 
|   9|0x0000000081d00000, 0x0000000081e00000, 0x0000000081e00000|100%|HC|  |TAMS 0x0000000081e00000, 0x0000000081d00000| Complete 
|  10|0x0000000081e00000, 0x0000000081f00000, 0x0000000081f00000|100%| O|  |TAMS 0x0000000081f00000, 0x0000000081e00000| Untracked 
|  11|0x0000000081f00000, 0x0000000082000000, 0x0000000082000000|100%| O|  |TAMS 0x0000000082000000, 0x0000000081f00000| Untracked 
|  12|0x0000000082000000, 0x0000000082100000, 0x0000000082100000|100%| O|  |TAMS 0x0000000082100000, 0x0000000082000000| Untracked 
|  13|0x0000000082100000, 0x0000000082200000, 0x0000000082200000|100%| O|  |TAMS 0x0000000082200000, 0x0000000082100000| Untracked 
|  14|0x0000000082200000, 0x0000000082300000, 0x0000000082300000|100%| O|  |TAMS 0x0000000082300000, 0x0000000082200000| Untracked 
|  15|0x0000000082300000, 0x0000000082400000, 0x0000000082400000|100%| O|  |TAMS 0x0000000082400000, 0x0000000082300000| Untracked 
|  16|0x0000000082400000, 0x0000000082500000, 0x0000000082500000|100%| O|  |TAMS 0x0000000082500000, 0x0000000082400000| Untracked 
|  17|0x0000000082500000, 0x0000000082600000, 0x0000000082600000|100%| O|  |TAMS 0x0000000082600000, 0x0000000082500000| Untracked 
|  18|0x0000000082600000, 0x0000000082700000, 0x0000000082700000|100%| O|  |TAMS 0x0000000082700000, 0x0000000082600000| Untracked 
|  19|0x0000000082700000, 0x0000000082800000, 0x0000000082800000|100%| O|  |TAMS 0x0000000082800000, 0x0000000082700000| Untracked 
|  20|0x0000000082800000, 0x0000000082840400, 0x0000000082900000| 25%| O|  |TAMS 0x0000000082840400, 0x0000000082800000| Untracked 
|  21|0x0000000082900000, 0x0000000082900000, 0x0000000082a00000|  0%| F|  |TAMS 0x0000000082900000, 0x0000000082900000| Untracked 
|  22|0x0000000082a00000, 0x0000000082a00000, 0x0000000082b00000|  0%| F|  |TAMS 0x0000000082a00000, 0x0000000082a00000| Untracked 
|  23|0x0000000082b00000, 0x0000000082b00000, 0x0000000082c00000|  0%| F|  |TAMS 0x0000000082b00000, 0x0000000082b00000| Untracked 
|  24|0x0000000082c00000, 0x0000000082c00000, 0x0000000082d00000|  0%| F|  |TAMS 0x0000000082c00000, 0x0000000082c00000| Untracked 
|  25|0x0000000082d00000, 0x0000000082d00000, 0x0000000082e00000|  0%| F|  |TAMS 0x0000000082d00000, 0x0000000082d00000| Untracked 
|  26|0x0000000082e00000, 0x0000000082e00000, 0x0000000082f00000|  0%| F|  |TAMS 0x0000000082e00000, 0x0000000082e00000| Untracked 
|  27|0x0000000082f00000, 0x0000000082f00000, 0x0000000083000000|  0%| F|  |TAMS 0x0000000082f00000, 0x0000000082f00000| Untracked 
|  28|0x0000000083000000, 0x0000000083000000, 0x0000000083100000|  0%| F|  |TAMS 0x0000000083000000, 0x0000000083000000| Untracked 
|  29|0x0000000083100000, 0x0000000083100000, 0x0000000083200000|  0%| F|  |TAMS 0x0000000083100000, 0x0000000083100000| Untracked 
|  30|0x0000000083200000, 0x0000000083200000, 0x0000000083300000|  0%| F|  |TAMS 0x0000000083200000, 0x0000000083200000| Untracked 
|  31|0x0000000083300000, 0x0000000083300000, 0x0000000083400000|  0%| F|  |TAMS 0x0000000083300000, 0x0000000083300000| Untracked 
|  32|0x0000000083400000, 0x0000000083400000, 0x0000000083500000|  0%| F|  |TAMS 0x0000000083400000, 0x0000000083400000| Untracked 
|  33|0x0000000083500000, 0x0000000083500000, 0x0000000083600000|  0%| F|  |TAMS 0x0000000083500000, 0x0000000083500000| Untracked 
|  34|0x0000000083600000, 0x0000000083600000, 0x0000000083700000|  0%| F|  |TAMS 0x0000000083600000, 0x0000000083600000| Untracked 
|  35|0x0000000083700000, 0x0000000083700000, 0x0000000083800000|  0%| F|  |TAMS 0x0000000083700000, 0x0000000083700000| Untracked 
|  36|0x0000000083800000, 0x0000000083800000, 0x0000000083900000|  0%| F|  |TAMS 0x0000000083800000, 0x0000000083800000| Untracked 
|  37|0x0000000083900000, 0x0000000083900000, 0x0000000083a00000|  0%| F|  |TAMS 0x0000000083900000, 0x0000000083900000| Untracked 
|  38|0x0000000083a00000, 0x0000000083a00000, 0x0000000083b00000|  0%| F|  |TAMS 0x0000000083a00000, 0x0000000083a00000| Untracked 
|  39|0x0000000083b00000, 0x0000000083b00000, 0x0000000083c00000|  0%| F|  |TAMS 0x0000000083b00000, 0x0000000083b00000| Untracked 
|  40|0x0000000083c00000, 0x0000000083c00000, 0x0000000083d00000|  0%| F|  |TAMS 0x0000000083c00000, 0x0000000083c00000| Untracked 
|  41|0x0000000083d00000, 0x0000000083d00000, 0x0000000083e00000|  0%| F|  |TAMS 0x0000000083d00000, 0x0000000083d00000| Untracked 
|  42|0x0000000083e00000, 0x0000000083e00000, 0x0000000083f00000|  0%| F|  |TAMS 0x0000000083e00000, 0x0000000083e00000| Untracked 
|  43|0x0000000083f00000, 0x0000000083f00000, 0x0000000084000000|  0%| F|  |TAMS 0x0000000083f00000, 0x0000000083f00000| Untracked 
|  44|0x0000000084000000, 0x0000000084000000, 0x0000000084100000|  0%| F|  |TAMS 0x0000000084000000, 0x0000000084000000| Untracked 
|  45|0x0000000084100000, 0x0000000084100000, 0x0000000084200000|  0%| F|  |TAMS 0x0000000084100000, 0x0000000084100000| Untracked 
|  46|0x0000000084200000, 0x0000000084200000, 0x0000000084300000|  0%| F|  |TAMS 0x0000000084200000, 0x0000000084200000| Untracked 
|  47|0x0000000084300000, 0x0000000084300000, 0x0000000084400000|  0%| F|  |TAMS 0x0000000084300000, 0x0000000084300000| Untracked 
|  48|0x0000000084400000, 0x0000000084400000, 0x0000000084500000|  0%| F|  |TAMS 0x0000000084400000, 0x0000000084400000| Untracked 
|  49|0x0000000084500000, 0x0000000084500000, 0x0000000084600000|  0%| F|  |TAMS 0x0000000084500000, 0x0000000084500000| Untracked 
|  50|0x0000000084600000, 0x0000000084600000, 0x0000000084700000|  0%| F|  |TAMS 0x0000000084600000, 0x0000000084600000| Untracked 
|  51|0x0000000084700000, 0x0000000084700000, 0x0000000084800000|  0%| F|  |TAMS 0x0000000084700000, 0x0000000084700000| Untracked 
|  52|0x0000000084800000, 0x0000000084800000, 0x0000000084900000|  0%| F|  |TAMS 0x0000000084800000, 0x0000000084800000| Untracked 
|  53|0x0000000084900000, 0x0000000084900000, 0x0000000084a00000|  0%| F|  |TAMS 0x0000000084900000, 0x0000000084900000| Untracked 
|  54|0x0000000084a00000, 0x0000000084a00000, 0x0000000084b00000|  0%| F|  |TAMS 0x0000000084a00000, 0x0000000084a00000| Untracked 
|  55|0x0000000084b00000, 0x0000000084b00000, 0x0000000084c00000|  0%| F|  |TAMS 0x0000000084b00000, 0x0000000084b00000| Untracked 
|  56|0x0000000084c00000, 0x0000000084c00000, 0x0000000084d00000|  0%| F|  |TAMS 0x0000000084c00000, 0x0000000084c00000| Untracked 
|  57|0x0000000084d00000, 0x0000000084d00000, 0x0000000084e00000|  0%| F|  |TAMS 0x0000000084d00000, 0x0000000084d00000| Untracked 
|  58|0x0000000084e00000, 0x0000000084e00000, 0x0000000084f00000|  0%| F|  |TAMS 0x0000000084e00000, 0x0000000084e00000| Untracked 
|  59|0x0000000084f00000, 0x0000000084f00000, 0x0000000085000000|  0%| F|  |TAMS 0x0000000084f00000, 0x0000000084f00000| Untracked 
|  60|0x0000000085000000, 0x0000000085000000, 0x0000000085100000|  0%| F|  |TAMS 0x0000000085000000, 0x0000000085000000| Untracked 
|  61|0x0000000085100000, 0x0000000085100000, 0x0000000085200000|  0%| F|  |TAMS 0x0000000085100000, 0x0000000085100000| Untracked 
|  62|0x0000000085200000, 0x0000000085200000, 0x0000000085300000|  0%| F|  |TAMS 0x0000000085200000, 0x0000000085200000| Untracked 
|  63|0x0000000085300000, 0x0000000085300000, 0x0000000085400000|  0%| F|  |TAMS 0x0000000085300000, 0x0000000085300000| Untracked 
|  64|0x0000000085400000, 0x0000000085400000, 0x0000000085500000|  0%| F|  |TAMS 0x0000000085400000, 0x0000000085400000| Untracked 
|  65|0x0000000085500000, 0x0000000085500000, 0x0000000085600000|  0%| F|  |TAMS 0x0000000085500000, 0x0000000085500000| Untracked 
|  66|0x0000000085600000, 0x0000000085600000, 0x0000000085700000|  0%| F|  |TAMS 0x0000000085600000, 0x0000000085600000| Untracked 
|  67|0x0000000085700000, 0x0000000085700000, 0x0000000085800000|  0%| F|  |TAMS 0x0000000085700000, 0x0000000085700000| Untracked 
|  68|0x0000000085800000, 0x0000000085800000, 0x0000000085900000|  0%| F|  |TAMS 0x0000000085800000, 0x0000000085800000| Untracked 
|  69|0x0000000085900000, 0x0000000085900000, 0x0000000085a00000|  0%| F|  |TAMS 0x0000000085900000, 0x0000000085900000| Untracked 
|  70|0x0000000085a00000, 0x0000000085a00000, 0x0000000085b00000|  0%| F|  |TAMS 0x0000000085a00000, 0x0000000085a00000| Untracked 
|  71|0x0000000085b00000, 0x0000000085b00000, 0x0000000085c00000|  0%| F|  |TAMS 0x0000000085b00000, 0x0000000085b00000| Untracked 
|  72|0x0000000085c00000, 0x0000000085c00000, 0x0000000085d00000|  0%| F|  |TAMS 0x0000000085c00000, 0x0000000085c00000| Untracked 
|  73|0x0000000085d00000, 0x0000000085d00000, 0x0000000085e00000|  0%| F|  |TAMS 0x0000000085d00000, 0x0000000085d00000| Untracked 
|  74|0x0000000085e00000, 0x0000000085e00000, 0x0000000085f00000|  0%| F|  |TAMS 0x0000000085e00000, 0x0000000085e00000| Untracked 
|  75|0x0000000085f00000, 0x0000000085f00000, 0x0000000086000000|  0%| F|  |TAMS 0x0000000085f00000, 0x0000000085f00000| Untracked 
|  76|0x0000000086000000, 0x0000000086000000, 0x0000000086100000|  0%| F|  |TAMS 0x0000000086000000, 0x0000000086000000| Untracked 
|  77|0x0000000086100000, 0x0000000086100000, 0x0000000086200000|  0%| F|  |TAMS 0x0000000086100000, 0x0000000086100000| Untracked 
|  78|0x0000000086200000, 0x0000000086200000, 0x0000000086300000|  0%| F|  |TAMS 0x0000000086200000, 0x0000000086200000| Untracked 
|  79|0x0000000086300000, 0x0000000086300000, 0x0000000086400000|  0%| F|  |TAMS 0x0000000086300000, 0x0000000086300000| Untracked 
|  80|0x0000000086400000, 0x0000000086400000, 0x0000000086500000|  0%| F|  |TAMS 0x0000000086400000, 0x0000000086400000| Untracked 
|  81|0x0000000086500000, 0x0000000086500000, 0x0000000086600000|  0%| F|  |TAMS 0x0000000086500000, 0x0000000086500000| Untracked 
|  82|0x0000000086600000, 0x0000000086600000, 0x0000000086700000|  0%| F|  |TAMS 0x0000000086600000, 0x0000000086600000| Untracked 
|  83|0x0000000086700000, 0x0000000086700000, 0x0000000086800000|  0%| F|  |TAMS 0x0000000086700000, 0x0000000086700000| Untracked 
|  84|0x0000000086800000, 0x0000000086800000, 0x0000000086900000|  0%| F|  |TAMS 0x0000000086800000, 0x0000000086800000| Untracked 
|  85|0x0000000086900000, 0x0000000086900000, 0x0000000086a00000|  0%| F|  |TAMS 0x0000000086900000, 0x0000000086900000| Untracked 
|  86|0x0000000086a00000, 0x0000000086a00000, 0x0000000086b00000|  0%| F|  |TAMS 0x0000000086a00000, 0x0000000086a00000| Untracked 
|  87|0x0000000086b00000, 0x0000000086b00000, 0x0000000086c00000|  0%| F|  |TAMS 0x0000000086b00000, 0x0000000086b00000| Untracked 
|  88|0x0000000086c00000, 0x0000000086c00000, 0x0000000086d00000|  0%| F|  |TAMS 0x0000000086c00000, 0x0000000086c00000| Untracked 
|  89|0x0000000086d00000, 0x0000000086d00000, 0x0000000086e00000|  0%| F|  |TAMS 0x0000000086d00000, 0x0000000086d00000| Untracked 
|  90|0x0000000086e00000, 0x0000000086f00000, 0x0000000086f00000|100%| E|  |TAMS 0x0000000086e00000, 0x0000000086e00000| Complete 
|  91|0x0000000086f00000, 0x0000000087000000, 0x0000000087000000|100%| E|CS|TAMS 0x0000000086f00000, 0x0000000086f00000| Complete 
|  92|0x0000000087000000, 0x0000000087100000, 0x0000000087100000|100%| E|CS|TAMS 0x0000000087000000, 0x0000000087000000| Complete 
|  93|0x0000000087100000, 0x0000000087200000, 0x0000000087200000|100%| E|CS|TAMS 0x0000000087100000, 0x0000000087100000| Complete 
|  94|0x0000000087200000, 0x0000000087300000, 0x0000000087300000|100%| E|CS|TAMS 0x0000000087200000, 0x0000000087200000| Complete 
|  95|0x0000000087300000, 0x0000000087400000, 0x0000000087400000|100%| E|CS|TAMS 0x0000000087300000, 0x0000000087300000| Complete 
|  96|0x0000000087400000, 0x0000000087500000, 0x0000000087500000|100%| E|CS|TAMS 0x0000000087400000, 0x0000000087400000| Complete 
|  97|0x0000000087500000, 0x0000000087600000, 0x0000000087600000|100%| E|CS|TAMS 0x0000000087500000, 0x0000000087500000| Complete 
|  98|0x0000000087600000, 0x0000000087700000, 0x0000000087700000|100%| E|CS|TAMS 0x0000000087600000, 0x0000000087600000| Complete 
|  99|0x0000000087700000, 0x0000000087800000, 0x0000000087800000|100%| E|CS|TAMS 0x0000000087700000, 0x0000000087700000| Complete 
| 100|0x0000000087800000, 0x0000000087900000, 0x0000000087900000|100%| E|CS|TAMS 0x0000000087800000, 0x0000000087800000| Complete 
| 101|0x0000000087900000, 0x0000000087a00000, 0x0000000087a00000|100%| E|CS|TAMS 0x0000000087900000, 0x0000000087900000| Complete 
| 102|0x0000000087a00000, 0x0000000087b00000, 0x0000000087b00000|100%| E|CS|TAMS 0x0000000087a00000, 0x0000000087a00000| Complete 
| 103|0x0000000087b00000, 0x0000000087c00000, 0x0000000087c00000|100%| E|CS|TAMS 0x0000000087b00000, 0x0000000087b00000| Complete 
| 104|0x0000000087c00000, 0x0000000087d00000, 0x0000000087d00000|100%| E|CS|TAMS 0x0000000087c00000, 0x0000000087c00000| Complete 
| 105|0x0000000087d00000, 0x0000000087e00000, 0x0000000087e00000|100%| E|CS|TAMS 0x0000000087d00000, 0x0000000087d00000| Complete 
| 106|0x0000000087e00000, 0x0000000087f00000, 0x0000000087f00000|100%| E|CS|TAMS 0x0000000087e00000, 0x0000000087e00000| Complete 
| 107|0x0000000087f00000, 0x0000000088000000, 0x0000000088000000|100%| E|CS|TAMS 0x0000000087f00000, 0x0000000087f00000| Complete 
| 108|0x0000000088000000, 0x0000000088100000, 0x0000000088100000|100%| E|CS|TAMS 0x0000000088000000, 0x0000000088000000| Complete 
| 109|0x0000000088100000, 0x0000000088200000, 0x0000000088200000|100%| E|CS|TAMS 0x0000000088100000, 0x0000000088100000| Complete 
| 110|0x0000000088200000, 0x0000000088300000, 0x0000000088300000|100%| S|CS|TAMS 0x0000000088200000, 0x0000000088200000| Complete 
| 111|0x0000000088300000, 0x0000000088400000, 0x0000000088400000|100%| S|CS|TAMS 0x0000000088300000, 0x0000000088300000| Complete 
| 112|0x0000000088400000, 0x0000000088500000, 0x0000000088500000|100%| E|CS|TAMS 0x0000000088400000, 0x0000000088400000| Complete 
| 113|0x0000000088500000, 0x0000000088600000, 0x0000000088600000|100%| E|CS|TAMS 0x0000000088500000, 0x0000000088500000| Complete 
| 114|0x0000000088600000, 0x0000000088700000, 0x0000000088700000|100%| E|CS|TAMS 0x0000000088600000, 0x0000000088600000| Complete 
| 115|0x0000000088700000, 0x0000000088800000, 0x0000000088800000|100%| E|CS|TAMS 0x0000000088700000, 0x0000000088700000| Complete 
| 116|0x0000000088800000, 0x0000000088900000, 0x0000000088900000|100%| E|CS|TAMS 0x0000000088800000, 0x0000000088800000| Complete 
| 117|0x0000000088900000, 0x0000000088a00000, 0x0000000088a00000|100%| E|CS|TAMS 0x0000000088900000, 0x0000000088900000| Complete 
| 118|0x0000000088a00000, 0x0000000088b00000, 0x0000000088b00000|100%| E|CS|TAMS 0x0000000088a00000, 0x0000000088a00000| Complete 
| 119|0x0000000088b00000, 0x0000000088c00000, 0x0000000088c00000|100%| E|CS|TAMS 0x0000000088b00000, 0x0000000088b00000| Complete 
| 120|0x0000000088c00000, 0x0000000088d00000, 0x0000000088d00000|100%| E|CS|TAMS 0x0000000088c00000, 0x0000000088c00000| Complete 
| 121|0x0000000088d00000, 0x0000000088e00000, 0x0000000088e00000|100%| E|CS|TAMS 0x0000000088d00000, 0x0000000088d00000| Complete 
| 122|0x0000000088e00000, 0x0000000088f00000, 0x0000000088f00000|100%| E|CS|TAMS 0x0000000088e00000, 0x0000000088e00000| Complete 
| 123|0x0000000088f00000, 0x0000000089000000, 0x0000000089000000|100%| E|CS|TAMS 0x0000000088f00000, 0x0000000088f00000| Complete 
| 124|0x0000000089000000, 0x0000000089100000, 0x0000000089100000|100%| E|CS|TAMS 0x0000000089000000, 0x0000000089000000| Complete 
| 125|0x0000000089100000, 0x0000000089200000, 0x0000000089200000|100%| E|CS|TAMS 0x0000000089100000, 0x0000000089100000| Complete 
| 126|0x0000000089200000, 0x0000000089300000, 0x0000000089300000|100%| E|CS|TAMS 0x0000000089200000, 0x0000000089200000| Complete 
| 127|0x0000000089300000, 0x0000000089400000, 0x0000000089400000|100%| E|CS|TAMS 0x0000000089300000, 0x0000000089300000| Complete 

Card table byte_map: [0x0000014371c90000,0x0000014372090000] _byte_map_base: 0x0000014371886000

Marking Bits (Prev, Next): (CMBitMap*) 0x000001435edcef18, (CMBitMap*) 0x000001435edcef50
 Prev Bits: [0x0000014372490000, 0x0000014374440000)
 Next Bits: [0x0000014374440000, 0x00000143763f0000)

Polling page: 0x000001435cd50000

Metaspace:

Usage:
  Non-class:     36.97 MB capacity,    36.65 MB (>99%) used,   263.93 KB ( <1%) free+waste,    59.63 KB ( <1%) overhead. 
      Class:      5.16 MB capacity,     4.99 MB ( 97%) used,   149.55 KB (  3%) free+waste,    26.50 KB ( <1%) overhead. 
       Both:     42.13 MB capacity,    41.64 MB ( 99%) used,   413.48 KB ( <1%) free+waste,    86.13 KB ( <1%) overhead. 

Virtual space:
  Non-class space:       38.00 MB reserved,      37.16 MB ( 98%) committed 
      Class space:        1.00 GB reserved,       5.25 MB ( <1%) committed 
             Both:        1.04 GB reserved,      42.40 MB (  4%) committed 

Chunk freelists:
   Non-Class:  66.00 KB
       Class:  29.00 KB
        Both:  95.00 KB

MaxMetaspaceSize: 17179869184.00 GB
CompressedClassSpaceSize: 1.00 GB
Initial GC threshold: 20.80 MB
Current GC threshold: 59.63 MB
CDS: off

CodeHeap 'non-profiled nmethods': size=120064Kb used=1179Kb max_used=1179Kb free=118884Kb
 bounds [0x000001436a350000, 0x000001436a5c0000, 0x0000014371890000]
CodeHeap 'profiled nmethods': size=120000Kb used=6392Kb max_used=6392Kb free=113607Kb
 bounds [0x0000014362e20000, 0x0000014363460000, 0x000001436a350000]
CodeHeap 'non-nmethods': size=5696Kb used=1263Kb max_used=1297Kb free=4433Kb
 bounds [0x0000014362890000, 0x0000014362b00000, 0x0000014362e20000]
 total_blobs=3478 nmethods=2934 adapters=456
 compilation: enabled
              stopped_count=0, restarted_count=0
 full_count=0

Compilation events (20 events):
Event: 4.266 Thread 0x0000014378908000 2939       3       java.lang.ClassLoader::findLoadedClass (16 bytes)
Event: 4.267 Thread 0x0000014378908000 nmethod 2939 0x0000014363457d10 code [0x0000014363457ee0, 0x00000143634580b8]
Event: 4.267 Thread 0x0000014378908000 2941   !   3       jdk.internal.loader.BuiltinClassLoader::loadClassOrNull (143 bytes)
Event: 4.268 Thread 0x0000014378903000 2942       4       jdk.internal.loader.BuiltinClassLoader::findLoadedModule (33 bytes)
Event: 4.269 Thread 0x0000014378908000 nmethod 2941 0x0000014363458190 code [0x0000014363458500, 0x0000014363459c68]
Event: 4.269 Thread 0x0000014378908000 2940       3       java.lang.String::replace (42 bytes)
Event: 4.269 Thread 0x0000014378908000 nmethod 2940 0x000001436345a610 code [0x000001436345a7e0, 0x000001436345aaf8]
Event: 4.270 Thread 0x0000014378908000 2943       3       java.lang.String::concat (115 bytes)
Event: 4.271 Thread 0x0000014378908000 nmethod 2943 0x000001436345ac10 code [0x000001436345aea0, 0x000001436345bb28]
Event: 4.272 Thread 0x0000014378908000 2944   !   3       jdk.internal.loader.URLClassPath$JarLoader::getResource (65 bytes)
Event: 4.273 Thread 0x0000014378908000 nmethod 2944 0x000001436345bf90 code [0x000001436345c200, 0x000001436345cc08]
Event: 4.275 Thread 0x0000014378908000 2945       3       java.lang.String::lastIndexOf (29 bytes)
Event: 4.275 Thread 0x0000014378908000 nmethod 2945 0x000001436345cf90 code [0x000001436345d160, 0x000001436345d3d8]
Event: 4.278 Thread 0x0000014378908000 2946       3       java.lang.StringUTF16::length (5 bytes)
Event: 4.278 Thread 0x0000014378908000 nmethod 2946 0x000001436345d510 code [0x000001436345d6c0, 0x000001436345d7b8]
Event: 4.278 Thread 0x0000014378908000 2947       3       java.lang.StringUTF16::checkIndex (9 bytes)
Event: 4.278 Thread 0x0000014378908000 nmethod 2947 0x000001436345d890 code [0x000001436345da60, 0x000001436345dbc8]
Event: 4.278 Thread 0x0000014378908000 2948       3       java.lang.StringUTF16::charAt (11 bytes)
Event: 4.278 Thread 0x0000014378908000 nmethod 2948 0x000001436345dd10 code [0x000001436345dee0, 0x000001436345e0c8]
Event: 4.297 Thread 0x0000014378903000 nmethod 2942 0x000001436a475690 code [0x000001436a4758a0, 0x000001436a4765a8]

GC Heap History (8 events):
Event: 0.548 GC heap before
{Heap before GC invocations=0 (full 0):
 garbage-first heap   total 131072K, used 17408K [0x0000000081400000, 0x0000000100000000)
  region size 1024K, 14 young (14336K), 0 survivors (0K)
 Metaspace       used 9865K, capacity 10002K, committed 10112K, reserved 1058816K
  class space    used 839K, capacity 885K, committed 896K, reserved 1048576K
}
Event: 0.551 GC heap after
{Heap after GC invocations=1 (full 0):
 garbage-first heap   total 131072K, used 5341K [0x0000000081400000, 0x0000000100000000)
  region size 1024K, 2 young (2048K), 2 survivors (2048K)
 Metaspace       used 9865K, capacity 10002K, committed 10112K, reserved 1058816K
  class space    used 839K, capacity 885K, committed 896K, reserved 1048576K
}
Event: 1.805 GC heap before
{Heap before GC invocations=1 (full 0):
 garbage-first heap   total 131072K, used 52445K [0x0000000081400000, 0x0000000100000000)
  region size 1024K, 49 young (50176K), 2 survivors (2048K)
 Metaspace       used 20988K, capacity 21188K, committed 21248K, reserved 1069056K
  class space    used 2221K, capacity 2303K, committed 2304K, reserved 1048576K
}
Event: 1.823 GC heap after
{Heap after GC invocations=2 (full 0):
 garbage-first heap   total 131072K, used 9741K [0x0000000081400000, 0x0000000100000000)
  region size 1024K, 7 young (7168K), 7 survivors (7168K)
 Metaspace       used 20988K, capacity 21188K, committed 21248K, reserved 1069056K
  class space    used 2221K, capacity 2303K, committed 2304K, reserved 1048576K
}
Event: 3.001 GC heap before
{Heap before GC invocations=3 (full 0):
 garbage-first heap   total 131072K, used 61965K [0x0000000081400000, 0x0000000100000000)
  region size 1024K, 53 young (54272K), 7 survivors (7168K)
 Metaspace       used 32337K, capacity 32776K, committed 33020K, reserved 1077248K
  class space    used 4055K, capacity 4243K, committed 4348K, reserved 1048576K
}
Event: 3.027 GC heap after
{Heap after GC invocations=4 (full 0):
 garbage-first heap   total 131072K, used 20777K [0x0000000081400000, 0x0000000100000000)
  region size 1024K, 6 young (6144K), 6 survivors (6144K)
 Metaspace       used 32337K, capacity 32776K, committed 33020K, reserved 1077248K
  class space    used 4055K, capacity 4243K, committed 4348K, reserved 1048576K
}
Event: 3.471 GC heap before
{Heap before GC invocations=4 (full 0):
 garbage-first heap   total 131072K, used 36137K [0x0000000081400000, 0x0000000100000000)
  region size 1024K, 22 young (22528K), 6 survivors (6144K)
 Metaspace       used 35506K, capacity 35923K, committed 36048K, reserved 1081344K
  class space    used 4397K, capacity 4567K, committed 4604K, reserved 1048576K
}
Event: 3.484 GC heap after
{Heap after GC invocations=5 (full 0):
 garbage-first heap   total 131072K, used 22785K [0x0000000081400000, 0x0000000100000000)
  region size 1024K, 2 young (2048K), 2 survivors (2048K)
 Metaspace       used 35506K, capacity 35923K, committed 36048K, reserved 1081344K
  class space    used 4397K, capacity 4567K, committed 4604K, reserved 1048576K
}

Deoptimization events (20 events):
Event: 4.228 Thread 0x000001435ed90800 Uncommon trap: trap_request=0xffffff4d fr.pc=0x000001436a388c6c relative=0x0000000000000c4c
Event: 4.228 Thread 0x000001435ed90800 Uncommon trap: reason=unstable_if action=reinterpret pc=0x000001436a388c6c method=java.lang.StringCoding.encodeUTF8(B[BZ)[B @ 2 c2
Event: 4.228 Thread 0x000001435ed90800 DEOPT PACKING pc=0x000001436a388c6c sp=0x0000003ff39f61d0
Event: 4.228 Thread 0x000001435ed90800 DEOPT UNPACKING pc=0x00000143628da1af sp=0x0000003ff39f5fc0 mode 2
Event: 4.228 Thread 0x000001435ed90800 Uncommon trap: trap_request=0xffffff4d fr.pc=0x000001436a42f570 relative=0x0000000000000530
Event: 4.228 Thread 0x000001435ed90800 Uncommon trap: reason=unstable_if action=reinterpret pc=0x000001436a42f570 method=sun.net.www.ParseUtil.firstEncodeIndex(Ljava/lang/String;)I @ 27 c2
Event: 4.228 Thread 0x000001435ed90800 DEOPT PACKING pc=0x000001436a42f570 sp=0x0000003ff39f6260
Event: 4.228 Thread 0x000001435ed90800 DEOPT UNPACKING pc=0x00000143628da1af sp=0x0000003ff39f6118 mode 2
Event: 4.228 Thread 0x000001435ed90800 Uncommon trap: trap_request=0xffffff4d fr.pc=0x000001436a3d40b8 relative=0x0000000000000198
Event: 4.228 Thread 0x000001435ed90800 Uncommon trap: reason=unstable_if action=reinterpret pc=0x000001436a3d40b8 method=java.lang.String.indexOf(II)I @ 4 c2
Event: 4.228 Thread 0x000001435ed90800 DEOPT PACKING pc=0x000001436a3d40b8 sp=0x0000003ff39f5f80
Event: 4.228 Thread 0x000001435ed90800 DEOPT UNPACKING pc=0x00000143628da1af sp=0x0000003ff39f5f30 mode 2
Event: 4.228 Thread 0x000001435ed90800 Uncommon trap: trap_request=0xffffff4d fr.pc=0x000001436a412bb0 relative=0x0000000000000190
Event: 4.228 Thread 0x000001435ed90800 Uncommon trap: reason=unstable_if action=reinterpret pc=0x000001436a412bb0 method=java.lang.String.startsWith(Ljava/lang/String;I)Z @ 46 c2
Event: 4.228 Thread 0x000001435ed90800 DEOPT PACKING pc=0x000001436a412bb0 sp=0x0000003ff39f6080
Event: 4.228 Thread 0x000001435ed90800 DEOPT UNPACKING pc=0x00000143628da1af sp=0x0000003ff39f5fe8 mode 2
Event: 4.229 Thread 0x000001435ed90800 Uncommon trap: trap_request=0xffffff4d fr.pc=0x000001436a466c2c relative=0x00000000000006cc
Event: 4.229 Thread 0x000001435ed90800 Uncommon trap: reason=unstable_if action=reinterpret pc=0x000001436a466c2c method=java.lang.String.lastIndexOf(II)I @ 4 c2
Event: 4.229 Thread 0x000001435ed90800 DEOPT PACKING pc=0x000001436a466c2c sp=0x0000003ff39f60f0
Event: 4.229 Thread 0x000001435ed90800 DEOPT UNPACKING pc=0x00000143628da1af sp=0x0000003ff39f5fe0 mode 2

Classes redefined (0 events):
No events

Internal exceptions (20 events):
Event: 1.376 Thread 0x000001435ed90800 Exception <a 'java/lang/NoSuchMethodError'{0x00000000870546f0}: 'long java.lang.invoke.DelegatingMethodHandle$Holder.reinvoke_L(java.lang.Object, java.lang.Object, java.lang.Object)'> (0x00000000870546f0) thrown at [./src/hotspot/share/interpreter/linkResolver.cpp, line 773]
Event: 1.378 Thread 0x000001435ed90800 Exception <a 'java/lang/NoSuchMethodError'{0x000000008705e3b0}: 'int java.lang.invoke.DirectMethodHandle$Holder.invokeSpecial(java.lang.Object, java.lang.Object, java.lang.Object, java.lang.Object)'> (0x000000008705e3b0) thrown at [./src/hotspot/share/interpreter/linkResolver.cpp, line 773]
Event: 1.386 Thread 0x000001435ed90800 Exception <a 'java/lang/NoSuchMethodError'{0x000000008706d190}: 'int java.lang.invoke.DelegatingMethodHandle$Holder.reinvoke_L(java.lang.Object, java.lang.Object, java.lang.Object, long, int)'> (0x000000008706d190) thrown at [./src/hotspot/share/interpreter/linkResolver.cpp, line 773]
Event: 1.593 Thread 0x000001435ed90800 Exception <a 'java/lang/NoSuchMethodError'{0x0000000086cd3f78}: 'int java.lang.invoke.DirectMethodHandle$Holder.invokeSpecialIFC(java.lang.Object, java.lang.Object, int)'> (0x0000000086cd3f78) thrown at [./src/hotspot/share/interpreter/linkResolver.cpp, line 773]
Event: 1.766 Thread 0x000001435ed90800 Exception <a 'java/lang/NoSuchMethodError'{0x00000000865fe328}: 'java.lang.Object java.lang.invoke.DirectMethodHandle$Holder.invokeStaticInit(java.lang.Object, int)'> (0x00000000865fe328) thrown at [./src/hotspot/share/interpreter/linkResolver.cpp, line 773]
Event: 1.828 Thread 0x000001435ed90800 Exception <a 'java/lang/NoSuchMethodError'{0x0000000089323750}: 'long java.lang.invoke.DirectMethodHandle$Holder.invokeStatic(java.lang.Object)'> (0x0000000089323750) thrown at [./src/hotspot/share/interpreter/linkResolver.cpp, line 773]
Event: 1.828 Thread 0x000001435ed90800 Exception <a 'java/lang/NoSuchMethodError'{0x00000000893265a8}: 'long java.lang.invoke.DirectMethodHandle$Holder.invokeStaticInit(java.lang.Object)'> (0x00000000893265a8) thrown at [./src/hotspot/share/interpreter/linkResolver.cpp, line 773]
Event: 1.903 Thread 0x000001435ed90800 Exception <a 'java/lang/NoSuchMethodError'{0x0000000088f1e148}: 'int java.lang.invoke.DirectMethodHandle$Holder.invokeStaticInit(java.lang.Object, java.lang.Object, java.lang.Object)'> (0x0000000088f1e148) thrown at [./src/hotspot/share/interpreter/linkResolver.cpp, line 773]
Event: 1.907 Thread 0x000001435ed90800 Exception <a 'java/lang/NoSuchMethodError'{0x0000000088f49718}: 'int java.lang.invoke.DirectMethodHandle$Holder.invokeStaticInit(java.lang.Object, java.lang.Object)'> (0x0000000088f49718) thrown at [./src/hotspot/share/interpreter/linkResolver.cpp, line 773]
Event: 1.958 Thread 0x000001435ed90800 Exception <a 'java/lang/NoSuchMethodError'{0x0000000088d5b498}: 'void java.lang.invoke.DirectMethodHandle$Holder.invokeSpecial(java.lang.Object, java.lang.Object)'> (0x0000000088d5b498) thrown at [./src/hotspot/share/interpreter/linkResolver.cpp, line 773]
Event: 2.205 Thread 0x000001435ed90800 Exception <a 'java/lang/NoSuchMethodError'{0x0000000088402650}: 'java.lang.Object java.lang.invoke.DirectMethodHandle$Holder.invokeStatic(java.lang.Object, java.lang.Object, java.lang.Object, java.lang.Object, java.lang.Object, java.lang.Object, java.lang.Object, java.lang.Object, java.lang.Object, java.lang.Object, java.lang.Object, java.lang.Object, java.lang.Object, java.lang.Object, java.lang.Object)'> (0x0000000088402650) thrown at [./src/hotspot/share/interpreter/linkResolver.cpp, line 773]
Event: 2.207 Thread 0x000001435ed90800 Exception <a 'java/lang/NoSuchMethodError'{0x0000000088410658}: 'java.lang.Object java.lang.invoke.DirectMethodHandle$Holder.invokeStatic(java.lang.Object, java.lang.Object, java.lang.Object, java.lang.Object, java.lang.Object, java.lang.Object, java.lang.Object, java.lang.Object, java.lang.Object, java.lang.Object, java.lang.Object, java.lang.Object, java.lang.Object, java.lang.Object, java.lang.Object, java.lang.Object)'> (0x0000000088410658) thrown at [./src/hotspot/share/interpreter/linkResolver.cpp, l
Event: 2.209 Thread 0x000001435ed90800 Exception <a 'java/lang/NoSuchMethodError'{0x000000008841e570}: 'java.lang.Object java.lang.invoke.DirectMethodHandle$Holder.invokeSpecial(java.lang.Object, java.lang.Object, int, int, java.lang.Object, java.lang.Object, java.lang.Object)'> (0x000000008841e570) thrown at [./src/hotspot/share/interpreter/linkResolver.cpp, line 773]
Event: 2.210 Thread 0x000001435ed90800 Exception <a 'java/lang/NoSuchMethodError'{0x0000000088421da8}: 'java.lang.Object java.lang.invoke.DelegatingMethodHandle$Holder.reinvoke_L(java.lang.Object, int, int, java.lang.Object, java.lang.Object, java.lang.Object)'> (0x0000000088421da8) thrown at [./src/hotspot/share/interpreter/linkResolver.cpp, line 773]
Event: 2.210 Thread 0x000001435ed90800 Exception <a 'java/lang/NoSuchMethodError'{0x0000000088426130}: 'java.lang.Object java.lang.invoke.DirectMethodHandle$Holder.invokeStatic(java.lang.Object, java.lang.Object, java.lang.Object, java.lang.Object, int)'> (0x0000000088426130) thrown at [./src/hotspot/share/interpreter/linkResolver.cpp, line 773]
Event: 2.269 Thread 0x000001435ed90800 Exception <a 'java/lang/NoSuchMethodError'{0x000000008834a950}: 'void java.lang.invoke.DirectMethodHandle$Holder.invokeStatic(java.lang.Object, java.lang.Object, java.lang.Object, java.lang.Object)'> (0x000000008834a950) thrown at [./src/hotspot/share/interpreter/linkResolver.cpp, line 773]
Event: 2.372 Thread 0x000001435ed90800 Exception <a 'java/lang/NoSuchMethodError'{0x0000000087f28898}: 'void java.lang.invoke.DirectMethodHandle$Holder.invokeStaticInit(java.lang.Object, java.lang.Object)'> (0x0000000087f28898) thrown at [./src/hotspot/share/interpreter/linkResolver.cpp, line 773]
Event: 2.474 Thread 0x000001435ed90800 Exception <a 'java/lang/NoSuchMethodError'{0x0000000087b52348}: 'void java.lang.invoke.DirectMethodHandle$Holder.invokeVirtual(java.lang.Object, java.lang.Object)'> (0x0000000087b52348) thrown at [./src/hotspot/share/interpreter/linkResolver.cpp, line 773]
Event: 2.487 Thread 0x000001435ed90800 Exception <a 'java/lang/NoSuchMethodError'{0x0000000087bda1d8}: 'int java.lang.invoke.DirectMethodHandle$Holder.invokeVirtual(java.lang.Object, java.lang.Object)'> (0x0000000087bda1d8) thrown at [./src/hotspot/share/interpreter/linkResolver.cpp, line 773]
Event: 3.396 Thread 0x000001435ed90800 Exception <a 'java/lang/NoSuchMethodError'{0x0000000088629da0}: 'java.lang.Object java.lang.invoke.DirectMethodHandle$Holder.invokeVirtual(java.lang.Object, java.lang.Object, java.lang.Object)'> (0x0000000088629da0) thrown at [./src/hotspot/share/interpreter/linkResolver.cpp, line 773]

Events (20 events):
Event: 4.288 loading class org/jetbrains/kotlin/it/unimi/dsi/fastutil/objects/ObjectArrayList done
Event: 4.289 loading class org/jetbrains/kotlin/it/unimi/dsi/fastutil/objects/AbstractObjectList
Event: 4.289 loading class org/jetbrains/kotlin/it/unimi/dsi/fastutil/objects/AbstractObjectList done
Event: 4.289 loading class org/jetbrains/kotlin/it/unimi/dsi/fastutil/objects/ObjectList
Event: 4.289 loading class org/jetbrains/kotlin/it/unimi/dsi/fastutil/objects/ObjectList done
Event: 4.290 loading class org/jetbrains/kotlin/it/unimi/dsi/fastutil/objects/ObjectListIterator
Event: 4.290 loading class org/jetbrains/kotlin/it/unimi/dsi/fastutil/objects/ObjectListIterator done
Event: 4.290 loading class org/jetbrains/kotlin/it/unimi/dsi/fastutil/objects/ObjectBidirectionalIterator
Event: 4.290 loading class org/jetbrains/kotlin/it/unimi/dsi/fastutil/objects/ObjectBidirectionalIterator done
Event: 4.290 loading class org/jetbrains/kotlin/it/unimi/dsi/fastutil/BidirectionalIterator
Event: 4.290 loading class org/jetbrains/kotlin/it/unimi/dsi/fastutil/BidirectionalIterator done
Event: 4.291 loading class org/jetbrains/kotlin/it/unimi/dsi/fastutil/objects/ObjectArrays
Event: 4.291 loading class org/jetbrains/kotlin/it/unimi/dsi/fastutil/objects/ObjectArrays done
Event: 4.292 loading class org/jetbrains/kotlin/it/unimi/dsi/fastutil/objects/ObjectArrays$ArrayHashStrategy
Event: 4.292 loading class org/jetbrains/kotlin/it/unimi/dsi/fastutil/objects/ObjectArrays$ArrayHashStrategy done
Event: 4.292 loading class org/jetbrains/kotlin/com/intellij/util/containers/IntStack
Event: 4.292 loading class org/jetbrains/kotlin/com/intellij/util/containers/IntStack done
Event: 4.292 loading class org/jetbrains/kotlin/com/intellij/lang/impl/MarkerOptionalData
Event: 4.292 loading class org/jetbrains/kotlin/com/intellij/lang/impl/MarkerOptionalData done
Event: 4.293 loading class java/util/BitSet


Dynamic libraries:
0x00007ff6038f0000 - 0x00007ff6038fa000 	D:\AndroidStudio\jre\bin\java.exe
0x00007ffff4d90000 - 0x00007ffff4f87000 	C:\WINDOWS\SYSTEM32\ntdll.dll
0x00007ffff4c80000 - 0x00007ffff4d3d000 	C:\WINDOWS\System32\KERNEL32.DLL
0x00007ffff2810000 - 0x00007ffff2add000 	C:\WINDOWS\System32\KERNELBASE.dll
0x00007fffee730000 - 0x00007fffee7c0000 	C:\WINDOWS\SYSTEM32\apphelp.dll
0x00007ffff2cf0000 - 0x00007ffff2df0000 	C:\WINDOWS\System32\ucrtbase.dll
0x00007fffd34e0000 - 0x00007fffd34f7000 	D:\AndroidStudio\jre\bin\VCRUNTIME140.dll
0x00007fffde7e0000 - 0x00007fffde7f9000 	D:\AndroidStudio\jre\bin\jli.dll
0x00007ffff2ed0000 - 0x00007ffff3070000 	C:\WINDOWS\System32\USER32.dll
0x00007ffff2cc0000 - 0x00007ffff2ce2000 	C:\WINDOWS\System32\win32u.dll
0x00007ffff3ff0000 - 0x00007ffff401a000 	C:\WINDOWS\System32\GDI32.dll
0x00007ffff2700000 - 0x00007ffff280b000 	C:\WINDOWS\System32\gdi32full.dll
0x00007ffff2500000 - 0x00007ffff259d000 	C:\WINDOWS\System32\msvcp_win.dll
0x00007fffe10b0000 - 0x00007fffe134a000 	C:\WINDOWS\WinSxS\amd64_microsoft.windows.common-controls_6595b64144ccf1df_6.0.19041.1110_none_60b5254171f9507e\COMCTL32.dll
0x00007ffff4270000 - 0x00007ffff430e000 	C:\WINDOWS\System32\msvcrt.dll
0x00007ffff2ea0000 - 0x00007ffff2ed0000 	C:\WINDOWS\System32\IMM32.DLL
0x00007fffd2030000 - 0x00007fffd20cd000 	D:\AndroidStudio\jre\bin\msvcp140.dll
0x00007fffac2e0000 - 0x00007fffacdc5000 	D:\AndroidStudio\jre\bin\server\jvm.dll
0x00007ffff3be0000 - 0x00007ffff3c8e000 	C:\WINDOWS\System32\ADVAPI32.dll
0x00007ffff4020000 - 0x00007ffff40bc000 	C:\WINDOWS\System32\sechost.dll
0x00007ffff3150000 - 0x00007ffff3275000 	C:\WINDOWS\System32\RPCRT4.dll
0x00007ffff4d40000 - 0x00007ffff4d48000 	C:\WINDOWS\System32\PSAPI.DLL
0x00007fffe6a10000 - 0x00007fffe6a19000 	C:\WINDOWS\SYSTEM32\WSOCK32.dll
0x00007ffff3430000 - 0x00007ffff349b000 	C:\WINDOWS\System32\WS2_32.dll
0x00007fffe7060000 - 0x00007fffe7087000 	C:\WINDOWS\SYSTEM32\WINMM.dll
0x00007fffe7550000 - 0x00007fffe755a000 	C:\WINDOWS\SYSTEM32\VERSION.dll
0x00007ffff0d50000 - 0x00007ffff0d62000 	C:\WINDOWS\SYSTEM32\kernel.appcore.dll
0x00007fffd2d00000 - 0x00007fffd2d11000 	D:\AndroidStudio\jre\bin\verify.dll
0x00007ffff0a00000 - 0x00007ffff0be4000 	C:\WINDOWS\SYSTEM32\DBGHELP.DLL
0x00007fffec1f0000 - 0x00007fffec21c000 	C:\WINDOWS\SYSTEM32\dbgcore.DLL
0x00007ffff2c30000 - 0x00007ffff2cb2000 	C:\WINDOWS\System32\bcryptPrimitives.dll
0x00007fffd26a0000 - 0x00007fffd26c9000 	D:\AndroidStudio\jre\bin\java.dll
0x00007fffec390000 - 0x00007fffec39b000 	D:\AndroidStudio\jre\bin\jimage.dll
0x00007fffd2a60000 - 0x00007fffd2a78000 	D:\AndroidStudio\jre\bin\zip.dll
0x00007ffff4530000 - 0x00007ffff4c74000 	C:\WINDOWS\System32\SHELL32.dll
0x00007ffff0260000 - 0x00007ffff09f4000 	C:\WINDOWS\SYSTEM32\windows.storage.dll
0x00007ffff3c90000 - 0x00007ffff3fe4000 	C:\WINDOWS\System32\combase.dll
0x00007ffff1e40000 - 0x00007ffff1e6c000 	C:\WINDOWS\SYSTEM32\Wldp.dll
0x00007ffff2df0000 - 0x00007ffff2e9d000 	C:\WINDOWS\System32\SHCORE.dll
0x00007ffff4440000 - 0x00007ffff4495000 	C:\WINDOWS\System32\shlwapi.dll
0x00007ffff23f0000 - 0x00007ffff240f000 	C:\WINDOWS\SYSTEM32\profapi.dll
0x00007fffd2a20000 - 0x00007fffd2a3a000 	D:\AndroidStudio\jre\bin\net.dll
0x00007fffe8320000 - 0x00007fffe842a000 	C:\WINDOWS\SYSTEM32\WINHTTP.dll
0x00007ffff1b50000 - 0x00007ffff1bba000 	C:\WINDOWS\system32\mswsock.dll
0x00007fffd2440000 - 0x00007fffd2454000 	D:\AndroidStudio\jre\bin\nio.dll

dbghelp: loaded successfully - version: 4.0.5 - missing functions: none
symbol engine: initialized successfully - sym options: 0x614 - pdb path: .;D:\AndroidStudio\jre\bin;C:\WINDOWS\SYSTEM32;C:\WINDOWS\WinSxS\amd64_microsoft.windows.common-controls_6595b64144ccf1df_6.0.19041.1110_none_60b5254171f9507e;D:\AndroidStudio\jre\bin\server

VM Arguments:
java_command: org.jetbrains.kotlin.cli.jvm.K2JVMCompiler @D:\AndroidStudioProjects\AndroidTraining\DiceRoller\app\build\20220624_2881971444933403903.compiler.options
java_class_path (initial): C:\Users\bozos\.gradle\caches\modules-2\files-2.1\org.jetbrains.kotlin\kotlin-compiler-embeddable\1.7.0\4d09852239f61842072b40b524882fa3caaed371\kotlin-compiler-embeddable-1.7.0.jar;C:\Users\bozos\.gradle\caches\modules-2\files-2.1\org.jetbrains.kotlin\kotlin-reflect\1.7.0\e660b0079fdaf744dc9cc7f6f3aa3c761ec839b0\kotlin-reflect-1.7.0.jar;C:\Users\bozos\.gradle\caches\modules-2\files-2.1\org.jetbrains.kotlin\kotlin-stdlib\1.7.0\a5f42c684ad9003160ef0d0f693ecf0ba7b13549\kotlin-stdlib-1.7.0.jar;C:\Users\bozos\.gradle\caches\modules-2\files-2.1\org.jetbrains.kotlin\kotlin-script-runtime\1.7.0\3acea1d447587e61bc3e1b3ed6227d9e9ed4ddf1\kotlin-script-runtime-1.7.0.jar;C:\Users\bozos\.gradle\caches\modules-2\files-2.1\org.jetbrains.kotlin\kotlin-daemon-embeddable\1.7.0\fd56798de80825c673ac93808284c5198ffa2b50\kotlin-daemon-embeddable-1.7.0.jar;C:\Users\bozos\.gradle\caches\modules-2\files-2.1\org.jetbrains.intellij.deps\trove4j\1.0.20200330\3afb14d5f9ceb459d724e907a21145e8ff394f02\trove4j-1.0.20200330.jar;C:\Users\bozos\.gradle\caches\modules-2\files-2.1\net.java.dev.jna\jna\5.6.0\330f2244e9030119ab3030fc3fededc86713d9cc\jna-5.6.0.jar;C:\Users\bozos\.gradle\caches\modules-2\files-2.1\org.jetbrains.kotlin\kotlin-stdlib-common\1.7.0\51736992f422993a1e741051bdf3c12801bc1ca1\kotlin-stdlib-common-1.7.0.jar;C:\Users\bozos\.gradle\caches\modules-2\files-2.1\org.jetbrains\annotations\13.0\919f0dfe192fb4e063e7dacadee7f8bb9a2672a9\annotations-13.0.jar
Launcher Type: SUN_STANDARD

[Global flags]
     intx CICompilerCount                          = 3                                         {product} {ergonomic}
     uint ConcGCThreads                            = 1                                         {product} {ergonomic}
     uint G1ConcRefinementThreads                  = 4                                         {product} {ergonomic}
   size_t G1HeapRegionSize                         = 1048576                                   {product} {ergonomic}
    uintx GCDrainStackTargetSize                   = 64                                        {product} {ergonomic}
   size_t InitialHeapSize                          = 134217728                                 {product} {ergonomic}
   size_t MarkStackSize                            = 4194304                                   {product} {ergonomic}
   size_t MaxHeapSize                              = 2126512128                                {product} {ergonomic}
   size_t MaxNewSize                               = 1275068416                                {product} {ergonomic}
   size_t MinHeapDeltaBytes                        = 1048576                                   {product} {ergonomic}
    uintx NonNMethodCodeHeapSize                   = 5830732                                {pd product} {ergonomic}
    uintx NonProfiledCodeHeapSize                  = 122913754                              {pd product} {ergonomic}
    uintx ProfiledCodeHeapSize                     = 122913754                              {pd product} {ergonomic}
    uintx ReservedCodeCacheSize                    = 251658240                              {pd product} {ergonomic}
     bool SegmentedCodeCache                       = true                                      {product} {ergonomic}
     bool UseCompressedClassPointers               = true                                 {lp64_product} {ergonomic}
     bool UseCompressedOops                        = true                                 {lp64_product} {ergonomic}
     bool UseG1GC                                  = true                                      {product} {ergonomic}
     bool UseLargePagesIndividualAllocation        = false                                  {pd product} {ergonomic}

Logging:
Log output configuration:
 #0: stdout all=warning uptime,level,tags
 #1: stderr all=off uptime,level,tags

Environment Variables:
JAVA_HOME=C:\Program Files\Java\jdk-11.0.10
PATH=C:\Program Files (x86)\Common Files\Oracle\Java\javapath;C:\Python39\Scripts\;C:\Python39\;C:\Program Files\ffmpeg-20180925-a7429d8-win64-static\bin;C:\Program Files (x86)\Python37-32\;C:\Program Files (x86)\Intel\iCLS Client\;C:\Program Files\Intel\iCLS Client\;C:\WINDOWS\system32;C:\WINDOWS;C:\WINDOWS\System32\Wbem;C:\WINDOWS\System32\WindowsPowerShell\v1.0\;C:\WINDOWS\System32\OpenSSH\;C:\Program Files\ytdl;C:\Program Files (x86)\Intel\Intel(R) Management Engine Components\DAL;C:\Program Files\Intel\Intel(R) Management Engine Components\DAL;C:\Program Files (x86)\Intel\Intel(R) Management Engine Components\IPT;C:\Program Files\Intel\Intel(R) Management Engine Components\IPT;C:\Program Files\Intel\WiFi\bin\;C:\Program Files\Common Files\Intel\WirelessCommon\;C:\Program Files\nodejs\;C:\ProgramData\chocolatey\bin;C:\Program Files\Git\cmd;C:\opt\bin;C:\Program Files\Java\jdk-11.0.10\bin;D:\Minikube;C:\Users\bozos\AppData\Local\Programs\Python\Python38-32\Scripts\;C:\Users\bozos\AppData\Local\Programs\Python\Python38-32\;C:\Ruby26-x64\bin;C:\Users\bozos\AppData\Local\Microsoft\WindowsApps;C:\Program Files\Intel\WiFi\bin\;C:\Program Files\Common Files\Intel\WirelessCommon\;C:\Users\bozos\AppData\Local\atom\bin;C:\Users\bozos\AppData\Local\Microsoft\WindowsApps;;C:\Users\bozos\AppData\Local\Programs\Microsoft VS Code\bin;C:\Users\bozos\AppData\Roaming\npm;C:\Program Files\JetBrains\IntelliJ IDEA 2020.3.2\bin;;C:\Program Files\Heroku\bin;C:\Program Files\IBM\Cloud\bin
USERNAME=bozos
OS=Windows_NT
PROCESSOR_IDENTIFIER=Intel64 Family 6 Model 142 Stepping 9, GenuineIntel



---------------  S Y S T E M  ---------------

OS: Windows 10 , 64 bit Build 19041 (10.0.19041.1741)
OS uptime: 9 days 18:16 hours
Hyper-V role detected

CPU:total 4 (initial active 4) (2 cores per cpu, 2 threads per core) family 6 model 142 stepping 9 microcode 0xb4, cmov, cx8, fxsr, mmx, sse, sse2, sse3, ssse3, sse4.1, sse4.2, popcnt, avx, avx2, aes, clmul, erms, 3dnowpref, lzcnt, ht, tsc, tscinvbit, bmi1, bmi2, adx, fma

Memory: 4k page, system-wide physical 8108M (478M free)
TotalPageFile size 14108M (AvailPageFile size 5M)
current process WorkingSet (physical memory assigned to process): 212M, peak: 212M
current process commit charge ("private bytes"): 289M, peak: 290M

vm_info: OpenJDK 64-Bit Server VM (11.0.12+7-b1504.28-7817840) for windows-amd64 JRE (11.0.12+7-b1504.28-7817840), built on Oct 13 2021 22:12:33 by "builder" with MS VC++ 14.0 (VS2015)

END.
